Using pre-set license
Built from '2020.3/staging' branch; Version is '2020.3.11f1 (99c7afb366b3) revision 10078127'; Using compiler version '192528614'; Build Type 'Release'
OS: 'Windows 10 Pro; OS build 19044.1526; Version 2009; 64bit' Language: 'fr' Physical Memory: 12230 MB
BatchMode: 1, IsHumanControllingUs: 0, StartBugReporterOnCrash: 0, Is64bit: 1, IsPro: 0

 COMMAND LINE ARGUMENTS:
C:\Program Files\Unity\Hub\Editor\2020.3.11f1\Editor\Unity.exe
-adb2
-batchMode
-noUpm
-name
AssetImportWorker0
-projectPath
C:/Users/user/Desktop/test/New Unity Project
-logFile
Logs/AssetImportWorker0.log
-srvPort
65177
Successfully changed project path to: C:/Users/user/Desktop/test/New Unity Project
C:/Users/user/Desktop/test/New Unity Project
Using Asset Import Pipeline V2.
Refreshing native plugins compatible for Editor in 36.11 ms, found 2 plugins.
Preloading 0 native plugins for Editor in 0.00 ms.
Initialize engine version: 2020.3.11f1 (99c7afb366b3)
[Subsystems] Discovering subsystems at path C:/Program Files/Unity/Hub/Editor/2020.3.11f1/Editor/Data/Resources/UnitySubsystems
[Subsystems] Discovering subsystems at path C:/Users/user/Desktop/test/New Unity Project/Assets
GfxDevice: creating device client; threaded=0
Direct3D:
    Version:  Direct3D 11.0 [level 11.1]
    Renderer: NVIDIA GeForce GTX 970 (ID=0x13c2)
    Vendor:   
    VRAM:     4043 MB
    Driver:   27.21.14.5671
Initialize mono
Mono path[0] = 'C:/Program Files/Unity/Hub/Editor/2020.3.11f1/Editor/Data/Managed'
Mono path[1] = 'C:/Program Files/Unity/Hub/Editor/2020.3.11f1/Editor/Data/MonoBleedingEdge/lib/mono/unityjit'
Mono config path = 'C:/Program Files/Unity/Hub/Editor/2020.3.11f1/Editor/Data/MonoBleedingEdge/etc'
Using monoOptions --debugger-agent=transport=dt_socket,embedding=1,server=y,suspend=n,address=127.0.0.1:56016
Begin MonoManager ReloadAssembly
Registering precompiled unity dll's ...
Register platform support module: C:/Program Files/Unity/Hub/Editor/2020.3.11f1/Editor/Data/PlaybackEngines/WebGLSupport/UnityEditor.WebGL.Extensions.dll
Register platform support module: C:/Program Files/Unity/Hub/Editor/2020.3.11f1/Editor/Data/PlaybackEngines/WindowsStandaloneSupport/UnityEditor.WindowsStandalone.Extensions.dll
Registered in 0.005752 seconds.
Native extension for WindowsStandalone target not found
Native extension for WebGL target not found
Refreshing native plugins compatible for Editor in 32.79 ms, found 2 plugins.
Preloading 0 native plugins for Editor in 0.00 ms.
Mono: successfully reloaded assembly
- Completed reload, in  1.555 seconds
Platform modules already initialized, skipping
Registering precompiled user dll's ...
Registered in 0.008384 seconds.
Begin MonoManager ReloadAssembly
Native extension for WindowsStandalone target not found
Native extension for WebGL target not found
Refreshing native plugins compatible for Editor in 0.33 ms, found 2 plugins.
Preloading 0 native plugins for Editor in 0.00 ms.
Mono: successfully reloaded assembly
- Completed reload, in  1.295 seconds
Platform modules already initialized, skipping
========================================================================
Worker process is ready to serve import requests
Launched and connected shader compiler UnityShaderCompiler.exe after 0.05 seconds
Refreshing native plugins compatible for Editor in 0.35 ms, found 2 plugins.
Preloading 0 native plugins for Editor in 0.00 ms.
Unloading 1386 Unused Serialized files (Serialized files now loaded: 0)
System memory in use before: 64.7 MB.
System memory in use after: 64.8 MB.

Unloading 19 unused Assets to reduce memory usage. Loaded Objects now: 1819.
Total: 2.205200 ms (FindLiveObjects: 0.149400 ms CreateObjectMapping: 0.056700 ms MarkObjects: 1.909100 ms  DeleteObjects: 0.088600 ms)

========================================================================
Received Import Request.
  path: Assets/Scenes
  artifactKey: Guid(8878fb87e7e06d245bf56a14e65d80be) Importer(815301076,1909f56bfc062723c751e8b465ee728b)
Start importing Assets/Scenes using Guid(8878fb87e7e06d245bf56a14e65d80be) Importer(815301076,1909f56bfc062723c751e8b465ee728b)  -> (artifact id: 'ca05f42e690be0399664628a6d57c782') in 0.012233 seconds
  Import took 0.015151 seconds .

========================================================================
Received Import Request.
  Time since last request: 43.973722 seconds.
  path: Packages/com.unity.collab-proxy
  artifactKey: Guid(1adad61bfb44214ee3e887b5febc4396) Importer(815301076,1909f56bfc062723c751e8b465ee728b)
Start importing Packages/com.unity.collab-proxy using Guid(1adad61bfb44214ee3e887b5febc4396) Importer(815301076,1909f56bfc062723c751e8b465ee728b)  -> (artifact id: '7837b352734e5da8176d6703b10e0397') in 0.009514 seconds
  Import took 0.013112 seconds .

========================================================================
Received Import Request.
  Time since last request: 0.114728 seconds.
  path: Packages/com.unity.collab-proxy/package.json
  artifactKey: Guid(743fda8c4b219c8429fb5a77ede1c879) Importer(815301076,1909f56bfc062723c751e8b465ee728b)
Start importing Packages/com.unity.collab-proxy/package.json using Guid(743fda8c4b219c8429fb5a77ede1c879) Importer(815301076,1909f56bfc062723c751e8b465ee728b)  -> (artifact id: '22711bbe2ecf9b7a08a2aa13e19b453b') in 0.065814 seconds
  Import took 0.070194 seconds .

========================================================================
Received Import Request.
  Time since last request: 384.906331 seconds.
  path: Assets/Scenes/Gold.asset
  artifactKey: Guid(29ac45898b64ff44293a694a60025f71) Importer(815301076,1909f56bfc062723c751e8b465ee728b)
Start importing Assets/Scenes/Gold.asset using Guid(29ac45898b64ff44293a694a60025f71) Importer(815301076,1909f56bfc062723c751e8b465ee728b)  -> (artifact id: '0e4987253aff6b8840c1d579a6ac0d23') in 0.020780 seconds
  Import took 0.027647 seconds .

========================================================================
Received Import Request.
  Time since last request: 0.000051 seconds.
  path: Assets/Scenes/wp4216604-racing-flag-wallpapers.png
  artifactKey: Guid(8c3139be824f7b640af9caa439db0215) Importer(815301076,1909f56bfc062723c751e8b465ee728b)
Start importing Assets/Scenes/wp4216604-racing-flag-wallpapers.png using Guid(8c3139be824f7b640af9caa439db0215) Importer(815301076,1909f56bfc062723c751e8b465ee728b)  -> (artifact id: '98b6920621b79f5f06823ca0ec7ad3a8') in 0.357616 seconds
  Import took 0.361207 seconds .

========================================================================
Received Import Request.
  Time since last request: 0.000188 seconds.
  path: Assets/Scenes/Gold.asset
  artifactKey: Guid(29ac45898b64ff44293a694a60025f71) Importer(815301076,1909f56bfc062723c751e8b465ee728b)
Start importing Assets/Scenes/Gold.asset using Guid(29ac45898b64ff44293a694a60025f71) Importer(815301076,1909f56bfc062723c751e8b465ee728b)  -> (artifact id: '0e4987253aff6b8840c1d579a6ac0d23') in 0.019638 seconds
  Import took 0.022997 seconds .

========================================================================
Received Prepare
Registering precompiled user dll's ...
Registered in 0.009406 seconds.
Begin MonoManager ReloadAssembly
Native extension for WindowsStandalone target not found
Native extension for WebGL target not found
Refreshing native plugins compatible for Editor in 0.51 ms, found 2 plugins.
Preloading 0 native plugins for Editor in 0.00 ms.
Mono: successfully reloaded assembly
- Completed reload, in  1.372 seconds
Platform modules already initialized, skipping
Refreshing native plugins compatible for Editor in 0.36 ms, found 2 plugins.
Preloading 0 native plugins for Editor in 0.00 ms.
Unloading 1397 Unused Serialized files (Serialized files now loaded: 0)
System memory in use before: 69.8 MB.
System memory in use after: 69.2 MB.

Unloading 27 unused Assets to reduce memory usage. Loaded Objects now: 1831.
Total: 2.448100 ms (FindLiveObjects: 0.178600 ms CreateObjectMapping: 0.092800 ms MarkObjects: 1.818800 ms  DeleteObjects: 0.356600 ms)

========================================================================
Received Import Request.
  Time since last request: 219.003901 seconds.
  path: Assets/Scenes/Scenes
  artifactKey: Guid(456d17daa4d66d5449e58cd18fc9cece) Importer(815301076,1909f56bfc062723c751e8b465ee728b)
Start importing Assets/Scenes/Scenes using Guid(456d17daa4d66d5449e58cd18fc9cece) Importer(815301076,1909f56bfc062723c751e8b465ee728b)  -> (artifact id: 'bb6ac96acbb5704ebdf87e60310e449e') in 0.007569 seconds
  Import took 0.010976 seconds .

========================================================================
Received Import Request.
  Time since last request: 0.005985 seconds.
  path: Assets/Scenes/Scenes
  artifactKey: Guid(456d17daa4d66d5449e58cd18fc9cece) Importer(815301076,1909f56bfc062723c751e8b465ee728b)
Start importing Assets/Scenes/Scenes using Guid(456d17daa4d66d5449e58cd18fc9cece) Importer(815301076,1909f56bfc062723c751e8b465ee728b)  -> (artifact id: 'bb6ac96acbb5704ebdf87e60310e449e') in 0.005151 seconds
  Import took 0.008271 seconds .

========================================================================
Received Import Request.
  Time since last request: 1.478177 seconds.
  path: Assets/Scenes/Scenes/MainScene.unity
  artifactKey: Guid(4f6d7a22d0fc42b4682f5614e7ef8458) Importer(815301076,1909f56bfc062723c751e8b465ee728b)
Start importing Assets/Scenes/Scenes/MainScene.unity using Guid(4f6d7a22d0fc42b4682f5614e7ef8458) Importer(815301076,1909f56bfc062723c751e8b465ee728b)  -> (artifact id: '899ada9a55cb47e91793e39221a9002e') in 0.015297 seconds
  Import took 0.018230 seconds .

========================================================================
Received Import Request.
  Time since last request: 145.706770 seconds.
  path: Assets/Scenes/Scenes/Menu.unity
  artifactKey: Guid(213e31eeee2da7544a6241a19dc529ec) Importer(815301076,1909f56bfc062723c751e8b465ee728b)
Start importing Assets/Scenes/Scenes/Menu.unity using Guid(213e31eeee2da7544a6241a19dc529ec) Importer(815301076,1909f56bfc062723c751e8b465ee728b)  -> (artifact id: 'cd8de3077fd19d405003a2970716e338') in 0.008714 seconds
  Import took 0.011993 seconds .

========================================================================
Received Import Request.
  Time since last request: 3.220750 seconds.
  path: Assets/Scenes/Models
  artifactKey: Guid(7f29a74a93ad64d48ac07ce0a5898b95) Importer(815301076,1909f56bfc062723c751e8b465ee728b)
Start importing Assets/Scenes/Models using Guid(7f29a74a93ad64d48ac07ce0a5898b95) Importer(815301076,1909f56bfc062723c751e8b465ee728b)  -> (artifact id: 'bf3d387c8608f4c5fb4ad51123624bab') in 0.009133 seconds
  Import took 0.011873 seconds .

========================================================================
Received Import Request.
  Time since last request: 0.106007 seconds.
  path: Assets/Scenes/Models/QuattroModel1.blend
  artifactKey: Guid(880a2d060966812469ec0dcf9ea87a5c) Importer(815301076,1909f56bfc062723c751e8b465ee728b)
Start importing Assets/Scenes/Models/QuattroModel1.blend using Guid(880a2d060966812469ec0dcf9ea87a5c) Importer(815301076,1909f56bfc062723c751e8b465ee728b)  -> (artifact id: '6946521a7e9e8f1a73e1915bbe049001') in 0.298504 seconds
  Import took 0.303035 seconds .

========================================================================
Received Import Request.
  Time since last request: 0.000205 seconds.
  path: Assets/Scenes/Models/QuattroWheel.blend
  artifactKey: Guid(8cc09ab005980f3418024cd180083f7e) Importer(815301076,1909f56bfc062723c751e8b465ee728b)
Start importing Assets/Scenes/Models/QuattroWheel.blend using Guid(8cc09ab005980f3418024cd180083f7e) Importer(815301076,1909f56bfc062723c751e8b465ee728b)  -> (artifact id: '8c4a6e74edddcc37a3ce9463e7e3e3c8') in 0.478192 seconds
  Import took 0.493461 seconds .

AssetImportWorkerClient::OnTransportError - code=2 error=End of file
